2019-03-21 16:12:38 INFO  TestBase:788 - ====TC_0001_CP_AddressPage_Verify_PageTitle ====
2019-03-21 16:12:38 INFO  TestBase:788 - Test case data <br /> {ConfirmPassword=Test!1234, Browser=chrome, ProfileLinkLabel=Profile, YourSubscriptions=Your Subscriptions, Password=Test!1234, Fname=testone, Case no=1, Upcomingbookings=Upcoming bookings, PageTitle_DashboardPage=Profile - Dashboard, PageTitle=Log in, ExpectedValuePASS=PASS, salutation=Mrs., Runmode=Y, AddOrMinusDate=+1, PageTitle_AddressesPage=Profile - Addresses, ExpectedValueFAIL=FAIL, MyParkers=My parkers, Author=shmo, Test Type=Regression, Module Name=Address page, Lname=testtwo, SignUpSuccessfullMessage=User registered successfully, will be redirected to login page., Email=a@a.com, Test Condition=Positive}
2019-03-21 16:13:03 INFO  TestBase:788 - org.openqa.selenium.WebDriverException: unknown error: cannot determine loading status
from unknown error: cannot determine loading status
from disconnected: received Inspector.detached event
  (Session info: chrome=72.0.3626.121)
  (Driver info: chromedriver=2.37.544315 (730aa6a5fdba159ac9f4c1e8cbc59bf1b5ce12b7),platform=Windows NT 10.0.17134 x86_64) (WARNING: The server did not provide any stacktrace information)
Command duration or timeout: 0 milliseconds
Build info: version: '3.12.0', revision: '7c6e0b3', time: '2018-05-08T14:04:26.12Z'
System info: host: 'LTSHMO1', ip: '172.27.80.191', os.name: 'Windows 10', os.arch: 'amd64', os.version: '10.0', java.version: '1.8.0_192'
Driver info: org.openqa.selenium.chrome.ChromeDriver
Capabilities {acceptInsecureCerts: true, acceptSslCerts: true, applicationCacheEnabled: false, browserConnectionEnabled: false, browserName: chrome, chrome: {chromedriverVersion: 2.37.544315 (730aa6a5fdba15..., userDataDir: C:\Users\shmo\AppData\Local...}, cssSelectorsEnabled: true, databaseEnabled: false, handlesAlerts: true, hasTouchScreen: false, javascriptEnabled: true, locationContextEnabled: true, mobileEmulationEnabled: false, nativeEvents: true, networkConnectionEnabled: false, pageLoadStrategy: normal, platform: XP, platformName: XP, rotatable: false, setWindowRect: true, takesHeapSnapshot: true, takesScreenshot: true, unexpectedAlertBehaviour: accept, unhandledPromptBehavior: accept, version: 72.0.3626.121, webStorageEnabled: true}
Session ID: 75a56c1137219f84b4aaec1703192aa4
	at sun.reflect.NativeConstructorAccessorImpl.newInstance0(Native Method)
	at sun.reflect.NativeConstructorAccessorImpl.newInstance(NativeConstructorAccessorImpl.java:62)
	at sun.reflect.DelegatingConstructorAccessorImpl.newInstance(DelegatingConstructorAccessorImpl.java:45)
	at java.lang.reflect.Constructor.newInstance(Constructor.java:423)
	at org.openqa.selenium.remote.ErrorHandler.createThrowable(ErrorHandler.java:214)
	at org.openqa.selenium.remote.ErrorHandler.throwIfResponseFailed(ErrorHandler.java:166)
	at org.openqa.selenium.remote.http.JsonHttpResponseCodec.reconstructValue(JsonHttpResponseCodec.java:40)
	at org.openqa.selenium.remote.http.AbstractHttpResponseCodec.decode(AbstractHttpResponseCodec.java:80)
	at org.openqa.selenium.remote.http.AbstractHttpResponseCodec.decode(AbstractHttpResponseCodec.java:44)
	at org.openqa.selenium.remote.HttpCommandExecutor.execute(HttpCommandExecutor.java:158)
	at org.openqa.selenium.remote.service.DriverCommandExecutor.execute(DriverCommandExecutor.java:83)
	at org.openqa.selenium.remote.RemoteWebDriver.execute(RemoteWebDriver.java:543)
	at org.openqa.selenium.remote.RemoteWebDriver.get(RemoteWebDriver.java:271)
	at com.skidata.testBase.TestBase.getUrl(TestBase.java:450)
	at com.skidata.testBase.TestBase.init(TestBase.java:183)
	at com.skidata.ssp.portal.addresspage.TC_0001_CP_AddressPage_Verify_PageTitle.ssp_TC_0001_CP_AddressPage_Verify_PageTitle(TC_0001_CP_AddressPage_Verify_PageTitle.java:54)
	at sun.reflect.NativeMethodAccessorImpl.invoke0(Native Method)
	at sun.reflect.NativeMethodAccessorImpl.invoke(NativeMethodAccessorImpl.java:62)
	at sun.reflect.DelegatingMethodAccessorImpl.invoke(DelegatingMethodAccessorImpl.java:43)
	at java.lang.reflect.Method.invoke(Method.java:498)
	at org.testng.internal.MethodInvocationHelper.invokeMethod(MethodInvocationHelper.java:124)
	at org.testng.internal.InvokeMethodRunnable.runOne(InvokeMethodRunnable.java:54)
	at org.testng.internal.InvokeMethodRunnable.run(InvokeMethodRunnable.java:44)
	at java.util.concurrent.Executors$RunnableAdapter.call(Executors.java:511)
	at java.util.concurrent.FutureTask.run(FutureTask.java:266)
	at java.util.concurrent.ThreadPoolExecutor.runWorker(ThreadPoolExecutor.java:1149)
	at java.util.concurrent.ThreadPoolExecutor$Worker.run(ThreadPoolExecutor.java:624)
	at java.lang.Thread.run(Thread.java:748)

2019-03-21 16:36:13 INFO  TestBase:790 - ====TC_0001_CP_AddressPage_Verify_PageTitle ====
2019-03-21 16:36:13 INFO  TestBase:790 - Test case data <br /> {ConfirmPassword=Test!1234, Browser=chrome, ProfileLinkLabel=Profile, YourSubscriptions=Your Subscriptions, Password=Test!1234, Fname=testone, Case no=1, Upcomingbookings=Upcoming bookings, PageTitle_DashboardPage=Profile - Dashboard, PageTitle=Log in, ExpectedValuePASS=PASS, salutation=Mrs., Runmode=Y, AddOrMinusDate=+1, PageTitle_AddressesPage=Profile - Addresses, ExpectedValueFAIL=FAIL, MyParkers=My parkers, Author=shmo, Test Type=Regression, Module Name=Address page, Lname=testtwo, SignUpSuccessfullMessage=User registered successfully, will be redirected to login page., Email=a@a.com, Test Condition=Positive}
2019-03-21 16:36:15 INFO  TestBase:790 - Screen Recording Started
2019-03-21 16:36:39 INFO  TestBase:452 - navigate to :-http://sspauto.swblr.skidata.net/ecom/portal/home/rhq_sales#/main
