[INFO  - 2019-02-28T07:10:20.285Z] GhostDriver - Main - running on port 42956
[INFO  - 2019-02-28T07:10:20.531Z] Session [e8b218e0-3b27-11e9-8c11-5bbe876d6ae4] - page.settings - {"XSSAuditingEnabled":false,"javascriptCanCloseWindows":true,"javascriptCanOpenWindows":true,"javascriptEnabled":true,"loadImages":true,"localToRemoteUrlAccessEnabled":false,"userAgent":"Mozilla/5.0 (Windows NT 6.2; WOW64) AppleWebKit/538.1 (KHTML, like Gecko) PhantomJS/2.1.1 Safari/538.1","webSecurityEnabled":true}
[INFO  - 2019-02-28T07:10:20.531Z] Session [e8b218e0-3b27-11e9-8c11-5bbe876d6ae4] - page.customHeaders:  - {}
[INFO  - 2019-02-28T07:10:20.531Z] Session [e8b218e0-3b27-11e9-8c11-5bbe876d6ae4] - Session.negotiatedCapabilities - {"browserName":"phantomjs","version":"2.1.1","driverName":"ghostdriver","driverVersion":"1.2.0","platform":"windows-10-32bit","javascriptEnabled":true,"takesScreenshot":true,"handlesAlerts":false,"databaseEnabled":false,"locationContextEnabled":false,"applicationCacheEnabled":false,"browserConnectionEnabled":false,"cssSelectorsEnabled":true,"webStorageEnabled":false,"rotatable":false,"acceptSslCerts":false,"nativeEvents":true,"proxy":{"proxyType":"direct"}}
[INFO  - 2019-02-28T07:10:20.531Z] SessionManagerReqHand - _postNewSessionCommand - New Session Created: e8b218e0-3b27-11e9-8c11-5bbe876d6ae4
[INFO  - 2019-02-28T07:10:21.194Z] ShutdownReqHand - _handle - About to shutdown
[INFO  - 2019-02-28T07:12:02.731Z] GhostDriver - Main - running on port 10718
[INFO  - 2019-02-28T07:12:03.000Z] Session [25c5ee50-3b28-11e9-9de1-cb54ce2af840] - page.settings - {"XSSAuditingEnabled":false,"javascriptCanCloseWindows":true,"javascriptCanOpenWindows":true,"javascriptEnabled":true,"loadImages":true,"localToRemoteUrlAccessEnabled":false,"userAgent":"Mozilla/5.0 (Windows NT 6.2; WOW64) AppleWebKit/538.1 (KHTML, like Gecko) PhantomJS/2.1.1 Safari/538.1","webSecurityEnabled":true}
[INFO  - 2019-02-28T07:12:03.000Z] Session [25c5ee50-3b28-11e9-9de1-cb54ce2af840] - page.customHeaders:  - {}
[INFO  - 2019-02-28T07:12:03.000Z] Session [25c5ee50-3b28-11e9-9de1-cb54ce2af840] - Session.negotiatedCapabilities - {"browserName":"phantomjs","version":"2.1.1","driverName":"ghostdriver","driverVersion":"1.2.0","platform":"windows-10-32bit","javascriptEnabled":true,"takesScreenshot":true,"handlesAlerts":false,"databaseEnabled":false,"locationContextEnabled":false,"applicationCacheEnabled":false,"browserConnectionEnabled":false,"cssSelectorsEnabled":true,"webStorageEnabled":false,"rotatable":false,"acceptSslCerts":false,"nativeEvents":true,"proxy":{"proxyType":"direct"}}
[INFO  - 2019-02-28T07:12:03.001Z] SessionManagerReqHand - _postNewSessionCommand - New Session Created: 25c5ee50-3b28-11e9-9de1-cb54ce2af840
[INFO  - 2019-02-28T07:12:03.976Z] ShutdownReqHand - _handle - About to shutdown
[INFO  - 2019-02-28T07:12:45.193Z] GhostDriver - Main - running on port 2229
[INFO  - 2019-02-28T07:12:45.442Z] Session [3f1210f0-3b28-11e9-9030-6fa6e5cc47c0] - page.settings - {"XSSAuditingEnabled":false,"javascriptCanCloseWindows":true,"javascriptCanOpenWindows":true,"javascriptEnabled":true,"loadImages":true,"localToRemoteUrlAccessEnabled":false,"userAgent":"Mozilla/5.0 (Windows NT 6.2; WOW64) AppleWebKit/538.1 (KHTML, like Gecko) PhantomJS/2.1.1 Safari/538.1","webSecurityEnabled":true}
[INFO  - 2019-02-28T07:12:45.442Z] Session [3f1210f0-3b28-11e9-9030-6fa6e5cc47c0] - page.customHeaders:  - {}
[INFO  - 2019-02-28T07:12:45.442Z] Session [3f1210f0-3b28-11e9-9030-6fa6e5cc47c0] - Session.negotiatedCapabilities - {"browserName":"phantomjs","version":"2.1.1","driverName":"ghostdriver","driverVersion":"1.2.0","platform":"windows-10-32bit","javascriptEnabled":true,"takesScreenshot":true,"handlesAlerts":false,"databaseEnabled":false,"locationContextEnabled":false,"applicationCacheEnabled":false,"browserConnectionEnabled":false,"cssSelectorsEnabled":true,"webStorageEnabled":false,"rotatable":false,"acceptSslCerts":false,"nativeEvents":true,"proxy":{"proxyType":"direct"}}
[INFO  - 2019-02-28T07:12:45.443Z] SessionManagerReqHand - _postNewSessionCommand - New Session Created: 3f1210f0-3b28-11e9-9030-6fa6e5cc47c0
[INFO  - 2019-02-28T07:12:46.848Z] ShutdownReqHand - _handle - About to shutdown
[INFO  - 2019-02-28T07:16:03.358Z] GhostDriver - Main - running on port 27496
[INFO  - 2019-02-28T07:16:04.056Z] Session [b5740140-3b28-11e9-8c75-1d01a27489e1] - page.settings - {"XSSAuditingEnabled":false,"javascriptCanCloseWindows":true,"javascriptCanOpenWindows":true,"javascriptEnabled":true,"loadImages":true,"localToRemoteUrlAccessEnabled":false,"userAgent":"Mozilla/5.0 (Windows NT 6.2; WOW64) AppleWebKit/538.1 (KHTML, like Gecko) PhantomJS/2.1.1 Safari/538.1","webSecurityEnabled":true}
[INFO  - 2019-02-28T07:16:04.056Z] Session [b5740140-3b28-11e9-8c75-1d01a27489e1] - page.customHeaders:  - {}
[INFO  - 2019-02-28T07:16:04.057Z] Session [b5740140-3b28-11e9-8c75-1d01a27489e1] - Session.negotiatedCapabilities - {"browserName":"phantomjs","version":"2.1.1","driverName":"ghostdriver","driverVersion":"1.2.0","platform":"windows-10-32bit","javascriptEnabled":true,"takesScreenshot":true,"handlesAlerts":false,"databaseEnabled":false,"locationContextEnabled":false,"applicationCacheEnabled":false,"browserConnectionEnabled":false,"cssSelectorsEnabled":true,"webStorageEnabled":false,"rotatable":false,"acceptSslCerts":false,"nativeEvents":true,"proxy":{"proxyType":"direct"}}
[INFO  - 2019-02-28T07:16:04.057Z] SessionManagerReqHand - _postNewSessionCommand - New Session Created: b5740140-3b28-11e9-8c75-1d01a27489e1
[INFO  - 2019-02-28T07:16:29.894Z] ShutdownReqHand - _handle - About to shutdown
[INFO  - 2019-02-28T07:17:42.434Z] GhostDriver - Main - running on port 43142
[INFO  - 2019-02-28T07:17:42.698Z] Session [f03f9460-3b28-11e9-88c6-c3b783af8b9c] - page.settings - {"XSSAuditingEnabled":false,"javascriptCanCloseWindows":true,"javascriptCanOpenWindows":true,"javascriptEnabled":true,"loadImages":true,"localToRemoteUrlAccessEnabled":false,"userAgent":"Mozilla/5.0 (Windows NT 6.2; WOW64) AppleWebKit/538.1 (KHTML, like Gecko) PhantomJS/2.1.1 Safari/538.1","webSecurityEnabled":true}
[INFO  - 2019-02-28T07:17:42.698Z] Session [f03f9460-3b28-11e9-88c6-c3b783af8b9c] - page.customHeaders:  - {}
[INFO  - 2019-02-28T07:17:42.698Z] Session [f03f9460-3b28-11e9-88c6-c3b783af8b9c] - Session.negotiatedCapabilities - {"browserName":"phantomjs","version":"2.1.1","driverName":"ghostdriver","driverVersion":"1.2.0","platform":"windows-10-32bit","javascriptEnabled":true,"takesScreenshot":true,"handlesAlerts":false,"databaseEnabled":false,"locationContextEnabled":false,"applicationCacheEnabled":false,"browserConnectionEnabled":false,"cssSelectorsEnabled":true,"webStorageEnabled":false,"rotatable":false,"acceptSslCerts":false,"nativeEvents":true,"proxy":{"proxyType":"direct"}}
[INFO  - 2019-02-28T07:17:42.698Z] SessionManagerReqHand - _postNewSessionCommand - New Session Created: f03f9460-3b28-11e9-88c6-c3b783af8b9c
[INFO  - 2019-02-28T07:17:45.830Z] ShutdownReqHand - _handle - About to shutdown
[INFO  - 2019-02-28T07:19:19.979Z] GhostDriver - Main - running on port 33588
[INFO  - 2019-02-28T07:19:20.230Z] Session [2a61ef30-3b29-11e9-a439-7316b6328cf6] - page.settings - {"XSSAuditingEnabled":false,"javascriptCanCloseWindows":true,"javascriptCanOpenWindows":true,"javascriptEnabled":true,"loadImages":true,"localToRemoteUrlAccessEnabled":false,"userAgent":"Mozilla/5.0 (Windows NT 6.2; WOW64) AppleWebKit/538.1 (KHTML, like Gecko) PhantomJS/2.1.1 Safari/538.1","webSecurityEnabled":true}
[INFO  - 2019-02-28T07:19:20.231Z] Session [2a61ef30-3b29-11e9-a439-7316b6328cf6] - page.customHeaders:  - {}
[INFO  - 2019-02-28T07:19:20.231Z] Session [2a61ef30-3b29-11e9-a439-7316b6328cf6] - Session.negotiatedCapabilities - {"browserName":"phantomjs","version":"2.1.1","driverName":"ghostdriver","driverVersion":"1.2.0","platform":"windows-10-32bit","javascriptEnabled":true,"takesScreenshot":true,"handlesAlerts":false,"databaseEnabled":false,"locationContextEnabled":false,"applicationCacheEnabled":false,"browserConnectionEnabled":false,"cssSelectorsEnabled":true,"webStorageEnabled":false,"rotatable":false,"acceptSslCerts":false,"nativeEvents":true,"proxy":{"proxyType":"direct"}}
[INFO  - 2019-02-28T07:19:20.231Z] SessionManagerReqHand - _postNewSessionCommand - New Session Created: 2a61ef30-3b29-11e9-a439-7316b6328cf6
[INFO  - 2019-02-28T07:19:22.539Z] ShutdownReqHand - _handle - About to shutdown
[INFO  - 2019-02-28T07:20:15.304Z] GhostDriver - Main - running on port 11948
[INFO  - 2019-02-28T07:20:15.561Z] Session [4b5cc660-3b29-11e9-9347-c13689ef627b] - page.settings - {"XSSAuditingEnabled":false,"javascriptCanCloseWindows":true,"javascriptCanOpenWindows":true,"javascriptEnabled":true,"loadImages":true,"localToRemoteUrlAccessEnabled":false,"userAgent":"Mozilla/5.0 (Windows NT 6.2; WOW64) AppleWebKit/538.1 (KHTML, like Gecko) PhantomJS/2.1.1 Safari/538.1","webSecurityEnabled":true}
[INFO  - 2019-02-28T07:20:15.561Z] Session [4b5cc660-3b29-11e9-9347-c13689ef627b] - page.customHeaders:  - {}
[INFO  - 2019-02-28T07:20:15.561Z] Session [4b5cc660-3b29-11e9-9347-c13689ef627b] - Session.negotiatedCapabilities - {"browserName":"phantomjs","version":"2.1.1","driverName":"ghostdriver","driverVersion":"1.2.0","platform":"windows-10-32bit","javascriptEnabled":true,"takesScreenshot":true,"handlesAlerts":false,"databaseEnabled":false,"locationContextEnabled":false,"applicationCacheEnabled":false,"browserConnectionEnabled":false,"cssSelectorsEnabled":true,"webStorageEnabled":false,"rotatable":false,"acceptSslCerts":false,"nativeEvents":true,"proxy":{"proxyType":"direct"}}
[INFO  - 2019-02-28T07:20:15.561Z] SessionManagerReqHand - _postNewSessionCommand - New Session Created: 4b5cc660-3b29-11e9-9347-c13689ef627b
[INFO  - 2019-02-28T07:20:18.874Z] ShutdownReqHand - _handle - About to shutdown
[INFO  - 2019-02-28T07:21:11.277Z] GhostDriver - Main - running on port 46537
[INFO  - 2019-02-28T07:21:11.539Z] Session [6cba2ff0-3b29-11e9-a10b-a7651afac1de] - page.settings - {"XSSAuditingEnabled":false,"javascriptCanCloseWindows":true,"javascriptCanOpenWindows":true,"javascriptEnabled":true,"loadImages":true,"localToRemoteUrlAccessEnabled":false,"userAgent":"Mozilla/5.0 (Windows NT 6.2; WOW64) AppleWebKit/538.1 (KHTML, like Gecko) PhantomJS/2.1.1 Safari/538.1","webSecurityEnabled":true}
[INFO  - 2019-02-28T07:21:11.539Z] Session [6cba2ff0-3b29-11e9-a10b-a7651afac1de] - page.customHeaders:  - {}
[INFO  - 2019-02-28T07:21:11.539Z] Session [6cba2ff0-3b29-11e9-a10b-a7651afac1de] - Session.negotiatedCapabilities - {"browserName":"phantomjs","version":"2.1.1","driverName":"ghostdriver","driverVersion":"1.2.0","platform":"windows-10-32bit","javascriptEnabled":true,"takesScreenshot":true,"handlesAlerts":false,"databaseEnabled":false,"locationContextEnabled":false,"applicationCacheEnabled":false,"browserConnectionEnabled":false,"cssSelectorsEnabled":true,"webStorageEnabled":false,"rotatable":false,"acceptSslCerts":false,"nativeEvents":true,"proxy":{"proxyType":"direct"}}
[INFO  - 2019-02-28T07:21:11.539Z] SessionManagerReqHand - _postNewSessionCommand - New Session Created: 6cba2ff0-3b29-11e9-a10b-a7651afac1de
[INFO  - 2019-02-28T07:21:14.744Z] ShutdownReqHand - _handle - About to shutdown
[INFO  - 2019-02-28T07:22:09.255Z] GhostDriver - Main - running on port 4186
[INFO  - 2019-02-28T07:22:09.520Z] Session [8f4962c0-3b29-11e9-8dd7-57a09a40ce2a] - page.settings - {"XSSAuditingEnabled":false,"javascriptCanCloseWindows":true,"javascriptCanOpenWindows":true,"javascriptEnabled":true,"loadImages":true,"localToRemoteUrlAccessEnabled":false,"userAgent":"Mozilla/5.0 (Windows NT 6.2; WOW64) AppleWebKit/538.1 (KHTML, like Gecko) PhantomJS/2.1.1 Safari/538.1","webSecurityEnabled":true}
[INFO  - 2019-02-28T07:22:09.520Z] Session [8f4962c0-3b29-11e9-8dd7-57a09a40ce2a] - page.customHeaders:  - {}
[INFO  - 2019-02-28T07:22:09.520Z] Session [8f4962c0-3b29-11e9-8dd7-57a09a40ce2a] - Session.negotiatedCapabilities - {"browserName":"phantomjs","version":"2.1.1","driverName":"ghostdriver","driverVersion":"1.2.0","platform":"windows-10-32bit","javascriptEnabled":true,"takesScreenshot":true,"handlesAlerts":false,"databaseEnabled":false,"locationContextEnabled":false,"applicationCacheEnabled":false,"browserConnectionEnabled":false,"cssSelectorsEnabled":true,"webStorageEnabled":false,"rotatable":false,"acceptSslCerts":false,"nativeEvents":true,"proxy":{"proxyType":"direct"}}
[INFO  - 2019-02-28T07:22:09.520Z] SessionManagerReqHand - _postNewSessionCommand - New Session Created: 8f4962c0-3b29-11e9-8dd7-57a09a40ce2a
[INFO  - 2019-02-28T07:22:12.797Z] ShutdownReqHand - _handle - About to shutdown
[INFO  - 2019-02-28T07:22:41.680Z] GhostDriver - Main - running on port 44247
[INFO  - 2019-02-28T07:22:41.932Z] Session [a29b3790-3b29-11e9-98be-b35dee0ecf55] - page.settings - {"XSSAuditingEnabled":false,"javascriptCanCloseWindows":true,"javascriptCanOpenWindows":true,"javascriptEnabled":true,"loadImages":true,"localToRemoteUrlAccessEnabled":false,"userAgent":"Mozilla/5.0 (Windows NT 6.2; WOW64) AppleWebKit/538.1 (KHTML, like Gecko) PhantomJS/2.1.1 Safari/538.1","webSecurityEnabled":true}
[INFO  - 2019-02-28T07:22:41.932Z] Session [a29b3790-3b29-11e9-98be-b35dee0ecf55] - page.customHeaders:  - {}
[INFO  - 2019-02-28T07:22:41.932Z] Session [a29b3790-3b29-11e9-98be-b35dee0ecf55] - Session.negotiatedCapabilities - {"browserName":"phantomjs","version":"2.1.1","driverName":"ghostdriver","driverVersion":"1.2.0","platform":"windows-10-32bit","javascriptEnabled":true,"takesScreenshot":true,"handlesAlerts":false,"databaseEnabled":false,"locationContextEnabled":false,"applicationCacheEnabled":false,"browserConnectionEnabled":false,"cssSelectorsEnabled":true,"webStorageEnabled":false,"rotatable":false,"acceptSslCerts":false,"nativeEvents":true,"proxy":{"proxyType":"direct"}}
[INFO  - 2019-02-28T07:22:41.932Z] SessionManagerReqHand - _postNewSessionCommand - New Session Created: a29b3790-3b29-11e9-98be-b35dee0ecf55
[INFO  - 2019-02-28T07:22:49.353Z] ShutdownReqHand - _handle - About to shutdown
[INFO  - 2019-02-28T07:23:55.496Z] GhostDriver - Main - running on port 43191
[INFO  - 2019-02-28T07:23:55.713Z] Session [ce954de0-3b29-11e9-9a8f-97303544c2d7] - page.settings - {"XSSAuditingEnabled":false,"javascriptCanCloseWindows":true,"javascriptCanOpenWindows":true,"javascriptEnabled":true,"loadImages":true,"localToRemoteUrlAccessEnabled":false,"userAgent":"Mozilla/5.0 (Windows NT 6.2; WOW64) AppleWebKit/538.1 (KHTML, like Gecko) PhantomJS/2.1.1 Safari/538.1","webSecurityEnabled":true}
[INFO  - 2019-02-28T07:23:55.713Z] Session [ce954de0-3b29-11e9-9a8f-97303544c2d7] - page.customHeaders:  - {}
[INFO  - 2019-02-28T07:23:55.714Z] Session [ce954de0-3b29-11e9-9a8f-97303544c2d7] - Session.negotiatedCapabilities - {"browserName":"phantomjs","version":"2.1.1","driverName":"ghostdriver","driverVersion":"1.2.0","platform":"windows-10-32bit","javascriptEnabled":true,"takesScreenshot":true,"handlesAlerts":false,"databaseEnabled":false,"locationContextEnabled":false,"applicationCacheEnabled":false,"browserConnectionEnabled":false,"cssSelectorsEnabled":true,"webStorageEnabled":false,"rotatable":false,"acceptSslCerts":false,"nativeEvents":true,"proxy":{"proxyType":"direct"}}
[INFO  - 2019-02-28T07:23:55.714Z] SessionManagerReqHand - _postNewSessionCommand - New Session Created: ce954de0-3b29-11e9-9a8f-97303544c2d7
[ERROR - 2019-02-28T07:23:58.533Z] WebElementLocator - _handleLocateCommand - Element(s) NOT Found: GAVE UP. Search Stop Time: 1551338638488
[INFO  - 2019-02-28T07:23:59.265Z] ShutdownReqHand - _handle - About to shutdown
[INFO  - 2019-02-28T07:24:48.278Z] GhostDriver - Main - running on port 30535
[INFO  - 2019-02-28T07:24:48.550Z] Session [ee137020-3b29-11e9-8a90-733de9dec29f] - page.settings - {"XSSAuditingEnabled":false,"javascriptCanCloseWindows":true,"javascriptCanOpenWindows":true,"javascriptEnabled":true,"loadImages":true,"localToRemoteUrlAccessEnabled":false,"userAgent":"Mozilla/5.0 (Windows NT 6.2; WOW64) AppleWebKit/538.1 (KHTML, like Gecko) PhantomJS/2.1.1 Safari/538.1","webSecurityEnabled":true}
[INFO  - 2019-02-28T07:24:48.550Z] Session [ee137020-3b29-11e9-8a90-733de9dec29f] - page.customHeaders:  - {}
[INFO  - 2019-02-28T07:24:48.550Z] Session [ee137020-3b29-11e9-8a90-733de9dec29f] - Session.negotiatedCapabilities - {"browserName":"phantomjs","version":"2.1.1","driverName":"ghostdriver","driverVersion":"1.2.0","platform":"windows-10-32bit","javascriptEnabled":true,"takesScreenshot":true,"handlesAlerts":false,"databaseEnabled":false,"locationContextEnabled":false,"applicationCacheEnabled":false,"browserConnectionEnabled":false,"cssSelectorsEnabled":true,"webStorageEnabled":false,"rotatable":false,"acceptSslCerts":false,"nativeEvents":true,"proxy":{"proxyType":"direct"}}
[INFO  - 2019-02-28T07:24:48.550Z] SessionManagerReqHand - _postNewSessionCommand - New Session Created: ee137020-3b29-11e9-8a90-733de9dec29f
[INFO  - 2019-02-28T07:24:55.967Z] ShutdownReqHand - _handle - About to shutdown
[INFO  - 2019-02-28T07:26:24.213Z] GhostDriver - Main - running on port 33744
[INFO  - 2019-02-28T07:26:24.477Z] Session [2740e3a0-3b2a-11e9-b2b1-b9eae056f635] - page.settings - {"XSSAuditingEnabled":false,"javascriptCanCloseWindows":true,"javascriptCanOpenWindows":true,"javascriptEnabled":true,"loadImages":true,"localToRemoteUrlAccessEnabled":false,"userAgent":"Mozilla/5.0 (Windows NT 6.2; WOW64) AppleWebKit/538.1 (KHTML, like Gecko) PhantomJS/2.1.1 Safari/538.1","webSecurityEnabled":true}
[INFO  - 2019-02-28T07:26:24.477Z] Session [2740e3a0-3b2a-11e9-b2b1-b9eae056f635] - page.customHeaders:  - {}
[INFO  - 2019-02-28T07:26:24.477Z] Session [2740e3a0-3b2a-11e9-b2b1-b9eae056f635] - Session.negotiatedCapabilities - {"browserName":"phantomjs","version":"2.1.1","driverName":"ghostdriver","driverVersion":"1.2.0","platform":"windows-10-32bit","javascriptEnabled":true,"takesScreenshot":true,"handlesAlerts":false,"databaseEnabled":false,"locationContextEnabled":false,"applicationCacheEnabled":false,"browserConnectionEnabled":false,"cssSelectorsEnabled":true,"webStorageEnabled":false,"rotatable":false,"acceptSslCerts":false,"nativeEvents":true,"proxy":{"proxyType":"direct"}}
[INFO  - 2019-02-28T07:26:24.477Z] SessionManagerReqHand - _postNewSessionCommand - New Session Created: 2740e3a0-3b2a-11e9-b2b1-b9eae056f635
[ERROR - 2019-02-28T07:26:27.288Z] WebElementLocator - _handleLocateCommand - Element(s) NOT Found: GAVE UP. Search Stop Time: 1551338787256
[INFO  - 2019-02-28T07:26:28.037Z] ShutdownReqHand - _handle - About to shutdown
[INFO  - 2019-02-28T07:31:44.011Z] GhostDriver - Main - running on port 25051
[INFO  - 2019-02-28T07:31:44.298Z] Session [e5e18c60-3b2a-11e9-bc04-c3d36f3fafb6] - page.settings - {"XSSAuditingEnabled":false,"javascriptCanCloseWindows":true,"javascriptCanOpenWindows":true,"javascriptEnabled":true,"loadImages":true,"localToRemoteUrlAccessEnabled":false,"userAgent":"Mozilla/5.0 (Windows NT 6.2; WOW64) AppleWebKit/538.1 (KHTML, like Gecko) PhantomJS/2.1.1 Safari/538.1","webSecurityEnabled":true}
[INFO  - 2019-02-28T07:31:44.299Z] Session [e5e18c60-3b2a-11e9-bc04-c3d36f3fafb6] - page.customHeaders:  - {}
[INFO  - 2019-02-28T07:31:44.299Z] Session [e5e18c60-3b2a-11e9-bc04-c3d36f3fafb6] - Session.negotiatedCapabilities - {"browserName":"phantomjs","version":"2.1.1","driverName":"ghostdriver","driverVersion":"1.2.0","platform":"windows-10-32bit","javascriptEnabled":true,"takesScreenshot":true,"handlesAlerts":false,"databaseEnabled":false,"locationContextEnabled":false,"applicationCacheEnabled":false,"browserConnectionEnabled":false,"cssSelectorsEnabled":true,"webStorageEnabled":false,"rotatable":false,"acceptSslCerts":false,"nativeEvents":true,"proxy":{"proxyType":"direct"}}
[INFO  - 2019-02-28T07:31:44.299Z] SessionManagerReqHand - _postNewSessionCommand - New Session Created: e5e18c60-3b2a-11e9-bc04-c3d36f3fafb6
[ERROR - 2019-02-28T07:32:06.577Z] WebElementLocator - _handleLocateCommand - Element(s) NOT Found: GAVE UP. Search Stop Time: 1551339126535
[INFO  - 2019-02-28T07:32:18.377Z] ShutdownReqHand - _handle - About to shutdown
[INFO  - 2019-02-28T08:27:15.640Z] GhostDriver - Main - running on port 27135
[INFO  - 2019-02-28T08:27:16.459Z] Session [a800f770-3b32-11e9-8a62-6535ee386b2b] - page.settings - {"XSSAuditingEnabled":false,"javascriptCanCloseWindows":true,"javascriptCanOpenWindows":true,"javascriptEnabled":true,"loadImages":true,"localToRemoteUrlAccessEnabled":false,"userAgent":"Mozilla/5.0 (Windows NT 6.2; WOW64) AppleWebKit/538.1 (KHTML, like Gecko) PhantomJS/2.1.1 Safari/538.1","webSecurityEnabled":true}
[INFO  - 2019-02-28T08:27:16.459Z] Session [a800f770-3b32-11e9-8a62-6535ee386b2b] - page.customHeaders:  - {}
[INFO  - 2019-02-28T08:27:16.459Z] Session [a800f770-3b32-11e9-8a62-6535ee386b2b] - Session.negotiatedCapabilities - {"browserName":"phantomjs","version":"2.1.1","driverName":"ghostdriver","driverVersion":"1.2.0","platform":"windows-10-32bit","javascriptEnabled":true,"takesScreenshot":true,"handlesAlerts":false,"databaseEnabled":false,"locationContextEnabled":false,"applicationCacheEnabled":false,"browserConnectionEnabled":false,"cssSelectorsEnabled":true,"webStorageEnabled":false,"rotatable":false,"acceptSslCerts":false,"nativeEvents":true,"proxy":{"proxyType":"direct"}}
[INFO  - 2019-02-28T08:27:16.459Z] SessionManagerReqHand - _postNewSessionCommand - New Session Created: a800f770-3b32-11e9-8a62-6535ee386b2b
[INFO  - 2019-02-28T08:32:15.912Z] SessionManagerReqHand - _cleanupWindowlessSessions - Asynchronous Sessions clean-up phase starting NOW
[INFO  - 2019-02-28T08:37:16.065Z] SessionManagerReqHand - _cleanupWindowlessSessions - Asynchronous Sessions clean-up phase starting NOW
[INFO  - 2019-02-28T08:40:33.426Z] ShutdownReqHand - _handle - About to shutdown
[INFO  - 2019-02-28T08:48:51.411Z] GhostDriver - Main - running on port 42658
[INFO  - 2019-02-28T08:48:52.221Z] Session [ac566780-3b35-11e9-90e1-59c24b7c8008] - page.settings - {"XSSAuditingEnabled":false,"javascriptCanCloseWindows":true,"javascriptCanOpenWindows":true,"javascriptEnabled":true,"loadImages":true,"localToRemoteUrlAccessEnabled":false,"userAgent":"Mozilla/5.0 (Windows NT 6.2; WOW64) AppleWebKit/538.1 (KHTML, like Gecko) PhantomJS/2.1.1 Safari/538.1","webSecurityEnabled":true}
[INFO  - 2019-02-28T08:48:52.222Z] Session [ac566780-3b35-11e9-90e1-59c24b7c8008] - page.customHeaders:  - {}
[INFO  - 2019-02-28T08:48:52.222Z] Session [ac566780-3b35-11e9-90e1-59c24b7c8008] - Session.negotiatedCapabilities - {"browserName":"phantomjs","version":"2.1.1","driverName":"ghostdriver","driverVersion":"1.2.0","platform":"windows-10-32bit","javascriptEnabled":true,"takesScreenshot":true,"handlesAlerts":false,"databaseEnabled":false,"locationContextEnabled":false,"applicationCacheEnabled":false,"browserConnectionEnabled":false,"cssSelectorsEnabled":true,"webStorageEnabled":false,"rotatable":false,"acceptSslCerts":false,"nativeEvents":true,"proxy":{"proxyType":"direct"}}
[INFO  - 2019-02-28T08:48:52.222Z] SessionManagerReqHand - _postNewSessionCommand - New Session Created: ac566780-3b35-11e9-90e1-59c24b7c8008
[ERROR - 2019-02-28T08:49:00.238Z] WebElementLocator - _handleLocateCommand - Element(s) NOT Found: GAVE UP. Search Stop Time: 1551343740191
[INFO  - 2019-02-28T08:49:10.423Z] ShutdownReqHand - _handle - About to shutdown
[INFO  - 2019-02-28T10:20:32.497Z] GhostDriver - Main - running on port 42179
[INFO  - 2019-02-28T10:20:32.826Z] Session [7af44560-3b42-11e9-9237-59d662d53b04] - page.settings - {"XSSAuditingEnabled":false,"javascriptCanCloseWindows":true,"javascriptCanOpenWindows":true,"javascriptEnabled":true,"loadImages":true,"localToRemoteUrlAccessEnabled":false,"userAgent":"Mozilla/5.0 (Windows NT 6.2; WOW64) AppleWebKit/538.1 (KHTML, like Gecko) PhantomJS/2.1.1 Safari/538.1","webSecurityEnabled":true}
[INFO  - 2019-02-28T10:20:32.826Z] Session [7af44560-3b42-11e9-9237-59d662d53b04] - page.customHeaders:  - {}
[INFO  - 2019-02-28T10:20:32.826Z] Session [7af44560-3b42-11e9-9237-59d662d53b04] - Session.negotiatedCapabilities - {"browserName":"phantomjs","version":"2.1.1","driverName":"ghostdriver","driverVersion":"1.2.0","platform":"windows-10-32bit","javascriptEnabled":true,"takesScreenshot":true,"handlesAlerts":false,"databaseEnabled":false,"locationContextEnabled":false,"applicationCacheEnabled":false,"browserConnectionEnabled":false,"cssSelectorsEnabled":true,"webStorageEnabled":false,"rotatable":false,"acceptSslCerts":false,"nativeEvents":true,"proxy":{"proxyType":"direct"}}
[INFO  - 2019-02-28T10:20:32.826Z] SessionManagerReqHand - _postNewSessionCommand - New Session Created: 7af44560-3b42-11e9-9237-59d662d53b04
[INFO  - 2019-02-28T10:20:58.055Z] ShutdownReqHand - _handle - About to shutdown
[INFO  - 2019-02-28T10:21:35.833Z] GhostDriver - Main - running on port 18102
[INFO  - 2019-02-28T10:21:36.174Z] Session [a0b668a0-3b42-11e9-8e39-9ffa88050d59] - page.settings - {"XSSAuditingEnabled":false,"javascriptCanCloseWindows":true,"javascriptCanOpenWindows":true,"javascriptEnabled":true,"loadImages":true,"localToRemoteUrlAccessEnabled":false,"userAgent":"Mozilla/5.0 (Windows NT 6.2; WOW64) AppleWebKit/538.1 (KHTML, like Gecko) PhantomJS/2.1.1 Safari/538.1","webSecurityEnabled":true}
[INFO  - 2019-02-28T10:21:36.175Z] Session [a0b668a0-3b42-11e9-8e39-9ffa88050d59] - page.customHeaders:  - {}
[INFO  - 2019-02-28T10:21:36.175Z] Session [a0b668a0-3b42-11e9-8e39-9ffa88050d59] - Session.negotiatedCapabilities - {"browserName":"phantomjs","version":"2.1.1","driverName":"ghostdriver","driverVersion":"1.2.0","platform":"windows-10-32bit","javascriptEnabled":true,"takesScreenshot":true,"handlesAlerts":false,"databaseEnabled":false,"locationContextEnabled":false,"applicationCacheEnabled":false,"browserConnectionEnabled":false,"cssSelectorsEnabled":true,"webStorageEnabled":false,"rotatable":false,"acceptSslCerts":false,"nativeEvents":true,"proxy":{"proxyType":"direct"}}
[INFO  - 2019-02-28T10:21:36.175Z] SessionManagerReqHand - _postNewSessionCommand - New Session Created: a0b668a0-3b42-11e9-8e39-9ffa88050d59
[INFO  - 2019-02-28T10:21:54.769Z] ShutdownReqHand - _handle - About to shutdown
[INFO  - 2019-02-28T10:22:57.641Z] GhostDriver - Main - running on port 29336
[INFO  - 2019-02-28T10:22:57.944Z] Session [d173ac50-3b42-11e9-b374-2386e624068b] - page.settings - {"XSSAuditingEnabled":false,"javascriptCanCloseWindows":true,"javascriptCanOpenWindows":true,"javascriptEnabled":true,"loadImages":true,"localToRemoteUrlAccessEnabled":false,"userAgent":"Mozilla/5.0 (Windows NT 6.2; WOW64) AppleWebKit/538.1 (KHTML, like Gecko) PhantomJS/2.1.1 Safari/538.1","webSecurityEnabled":true}
[INFO  - 2019-02-28T10:22:57.944Z] Session [d173ac50-3b42-11e9-b374-2386e624068b] - page.customHeaders:  - {}
[INFO  - 2019-02-28T10:22:57.944Z] Session [d173ac50-3b42-11e9-b374-2386e624068b] - Session.negotiatedCapabilities - {"browserName":"phantomjs","version":"2.1.1","driverName":"ghostdriver","driverVersion":"1.2.0","platform":"windows-10-32bit","javascriptEnabled":true,"takesScreenshot":true,"handlesAlerts":false,"databaseEnabled":false,"locationContextEnabled":false,"applicationCacheEnabled":false,"browserConnectionEnabled":false,"cssSelectorsEnabled":true,"webStorageEnabled":false,"rotatable":false,"acceptSslCerts":false,"nativeEvents":true,"proxy":{"proxyType":"direct"}}
[INFO  - 2019-02-28T10:22:57.944Z] SessionManagerReqHand - _postNewSessionCommand - New Session Created: d173ac50-3b42-11e9-b374-2386e624068b
[ERROR - 2019-02-28T10:23:01.374Z] WebElementLocator - _handleLocateCommand - Element(s) NOT Found: GAVE UP. Search Stop Time: 1551349381355
[INFO  - 2019-02-28T10:23:02.088Z] ShutdownReqHand - _handle - About to shutdown
[INFO  - 2019-02-28T10:23:58.655Z] GhostDriver - Main - running on port 48576
[INFO  - 2019-02-28T10:23:58.952Z] Session [f5d0c150-3b42-11e9-94cd-53acaaf1f202] - page.settings - {"XSSAuditingEnabled":false,"javascriptCanCloseWindows":true,"javascriptCanOpenWindows":true,"javascriptEnabled":true,"loadImages":true,"localToRemoteUrlAccessEnabled":false,"userAgent":"Mozilla/5.0 (Windows NT 6.2; WOW64) AppleWebKit/538.1 (KHTML, like Gecko) PhantomJS/2.1.1 Safari/538.1","webSecurityEnabled":true}
[INFO  - 2019-02-28T10:23:58.952Z] Session [f5d0c150-3b42-11e9-94cd-53acaaf1f202] - page.customHeaders:  - {}
[INFO  - 2019-02-28T10:23:58.952Z] Session [f5d0c150-3b42-11e9-94cd-53acaaf1f202] - Session.negotiatedCapabilities - {"browserName":"phantomjs","version":"2.1.1","driverName":"ghostdriver","driverVersion":"1.2.0","platform":"windows-10-32bit","javascriptEnabled":true,"takesScreenshot":true,"handlesAlerts":false,"databaseEnabled":false,"locationContextEnabled":false,"applicationCacheEnabled":false,"browserConnectionEnabled":false,"cssSelectorsEnabled":true,"webStorageEnabled":false,"rotatable":false,"acceptSslCerts":false,"nativeEvents":true,"proxy":{"proxyType":"direct"}}
[INFO  - 2019-02-28T10:23:58.953Z] SessionManagerReqHand - _postNewSessionCommand - New Session Created: f5d0c150-3b42-11e9-94cd-53acaaf1f202
[ERROR - 2019-02-28T10:24:00.994Z] WebElementLocator - _handleLocateCommand - Element(s) NOT Found: GAVE UP. Search Stop Time: 1551349440627
[INFO  - 2019-02-28T10:24:01.962Z] ShutdownReqHand - _handle - About to shutdown
[INFO  - 2019-02-28T10:25:08.348Z] GhostDriver - Main - running on port 43623
[INFO  - 2019-02-28T10:25:08.666Z] Session [1f5e4470-3b43-11e9-8927-71d32680f6df] - page.settings - {"XSSAuditingEnabled":false,"javascriptCanCloseWindows":true,"javascriptCanOpenWindows":true,"javascriptEnabled":true,"loadImages":true,"localToRemoteUrlAccessEnabled":false,"userAgent":"Mozilla/5.0 (Windows NT 6.2; WOW64) AppleWebKit/538.1 (KHTML, like Gecko) PhantomJS/2.1.1 Safari/538.1","webSecurityEnabled":true}
[INFO  - 2019-02-28T10:25:08.666Z] Session [1f5e4470-3b43-11e9-8927-71d32680f6df] - page.customHeaders:  - {}
[INFO  - 2019-02-28T10:25:08.666Z] Session [1f5e4470-3b43-11e9-8927-71d32680f6df] - Session.negotiatedCapabilities - {"browserName":"phantomjs","version":"2.1.1","driverName":"ghostdriver","driverVersion":"1.2.0","platform":"windows-10-32bit","javascriptEnabled":true,"takesScreenshot":true,"handlesAlerts":false,"databaseEnabled":false,"locationContextEnabled":false,"applicationCacheEnabled":false,"browserConnectionEnabled":false,"cssSelectorsEnabled":true,"webStorageEnabled":false,"rotatable":false,"acceptSslCerts":false,"nativeEvents":true,"proxy":{"proxyType":"direct"}}
[INFO  - 2019-02-28T10:25:08.666Z] SessionManagerReqHand - _postNewSessionCommand - New Session Created: 1f5e4470-3b43-11e9-8927-71d32680f6df
[ERROR - 2019-02-28T10:25:10.989Z] WebElementLocator - _handleLocateCommand - Element(s) NOT Found: GAVE UP. Search Stop Time: 1551349510962
[INFO  - 2019-02-28T10:25:11.717Z] ShutdownReqHand - _handle - About to shutdown
[INFO  - 2019-02-28T10:25:50.317Z] GhostDriver - Main - running on port 2356
[INFO  - 2019-02-28T10:25:59.061Z] GhostDriver - Main - running on port 28731
[INFO  - 2019-02-28T10:25:59.340Z] Session [3d925a80-3b43-11e9-b005-1d95527ee2aa] - page.settings - {"XSSAuditingEnabled":false,"javascriptCanCloseWindows":true,"javascriptCanOpenWindows":true,"javascriptEnabled":true,"loadImages":true,"localToRemoteUrlAccessEnabled":false,"userAgent":"Mozilla/5.0 (Windows NT 6.2; WOW64) AppleWebKit/538.1 (KHTML, like Gecko) PhantomJS/2.1.1 Safari/538.1","webSecurityEnabled":true}
[INFO  - 2019-02-28T10:25:59.340Z] Session [3d925a80-3b43-11e9-b005-1d95527ee2aa] - page.customHeaders:  - {}
[INFO  - 2019-02-28T10:25:59.340Z] Session [3d925a80-3b43-11e9-b005-1d95527ee2aa] - Session.negotiatedCapabilities - {"browserName":"phantomjs","version":"2.1.1","driverName":"ghostdriver","driverVersion":"1.2.0","platform":"windows-10-32bit","javascriptEnabled":true,"takesScreenshot":true,"handlesAlerts":false,"databaseEnabled":false,"locationContextEnabled":false,"applicationCacheEnabled":false,"browserConnectionEnabled":false,"cssSelectorsEnabled":true,"webStorageEnabled":false,"rotatable":false,"acceptSslCerts":false,"nativeEvents":true,"proxy":{"proxyType":"direct"}}
[INFO  - 2019-02-28T10:25:59.340Z] SessionManagerReqHand - _postNewSessionCommand - New Session Created: 3d925a80-3b43-11e9-b005-1d95527ee2aa
[ERROR - 2019-02-28T10:26:07.178Z] WebElementLocator - _handleLocateCommand - Element(s) NOT Found: GAVE UP. Search Stop Time: 1551349567162
[INFO  - 2019-02-28T10:26:07.907Z] ShutdownReqHand - _handle - About to shutdown
[INFO  - 2019-02-28T10:27:34.886Z] GhostDriver - Main - running on port 23445
[INFO  - 2019-02-28T10:27:35.206Z] Session [76b67f30-3b43-11e9-9bd9-8db04b605dc5] - page.settings - {"XSSAuditingEnabled":false,"javascriptCanCloseWindows":true,"javascriptCanOpenWindows":true,"javascriptEnabled":true,"loadImages":true,"localToRemoteUrlAccessEnabled":false,"userAgent":"Mozilla/5.0 (Windows NT 6.2; WOW64) AppleWebKit/538.1 (KHTML, like Gecko) PhantomJS/2.1.1 Safari/538.1","webSecurityEnabled":true}
[INFO  - 2019-02-28T10:27:35.207Z] Session [76b67f30-3b43-11e9-9bd9-8db04b605dc5] - page.customHeaders:  - {}
[INFO  - 2019-02-28T10:27:35.207Z] Session [76b67f30-3b43-11e9-9bd9-8db04b605dc5] - Session.negotiatedCapabilities - {"browserName":"phantomjs","version":"2.1.1","driverName":"ghostdriver","driverVersion":"1.2.0","platform":"windows-10-32bit","javascriptEnabled":true,"takesScreenshot":true,"handlesAlerts":false,"databaseEnabled":false,"locationContextEnabled":false,"applicationCacheEnabled":false,"browserConnectionEnabled":false,"cssSelectorsEnabled":true,"webStorageEnabled":false,"rotatable":false,"acceptSslCerts":false,"nativeEvents":true,"proxy":{"proxyType":"direct"}}
[INFO  - 2019-02-28T10:27:35.207Z] SessionManagerReqHand - _postNewSessionCommand - New Session Created: 76b67f30-3b43-11e9-9bd9-8db04b605dc5
[ERROR - 2019-02-28T10:27:37.590Z] WebElementLocator - _handleLocateCommand - Element(s) NOT Found: GAVE UP. Search Stop Time: 1551349657545
[INFO  - 2019-02-28T10:27:38.310Z] ShutdownReqHand - _handle - About to shutdown
[INFO  - 2019-02-28T10:28:22.162Z] GhostDriver - Main - running on port 45396
[INFO  - 2019-02-28T10:28:22.469Z] Session [92e24220-3b43-11e9-9010-8dafd5e62e7d] - page.settings - {"XSSAuditingEnabled":false,"javascriptCanCloseWindows":true,"javascriptCanOpenWindows":true,"javascriptEnabled":true,"loadImages":true,"localToRemoteUrlAccessEnabled":false,"userAgent":"Mozilla/5.0 (Windows NT 6.2; WOW64) AppleWebKit/538.1 (KHTML, like Gecko) PhantomJS/2.1.1 Safari/538.1","webSecurityEnabled":true}
[INFO  - 2019-02-28T10:28:22.469Z] Session [92e24220-3b43-11e9-9010-8dafd5e62e7d] - page.customHeaders:  - {}
[INFO  - 2019-02-28T10:28:22.469Z] Session [92e24220-3b43-11e9-9010-8dafd5e62e7d] - Session.negotiatedCapabilities - {"browserName":"phantomjs","version":"2.1.1","driverName":"ghostdriver","driverVersion":"1.2.0","platform":"windows-10-32bit","javascriptEnabled":true,"takesScreenshot":true,"handlesAlerts":false,"databaseEnabled":false,"locationContextEnabled":false,"applicationCacheEnabled":false,"browserConnectionEnabled":false,"cssSelectorsEnabled":true,"webStorageEnabled":false,"rotatable":false,"acceptSslCerts":false,"nativeEvents":true,"proxy":{"proxyType":"direct"}}
[INFO  - 2019-02-28T10:28:22.469Z] SessionManagerReqHand - _postNewSessionCommand - New Session Created: 92e24220-3b43-11e9-9010-8dafd5e62e7d
[ERROR - 2019-02-28T10:28:44.808Z] WebElementLocator - _handleLocateCommand - Element(s) NOT Found: GAVE UP. Search Stop Time: 1551349724750
[INFO  - 2019-02-28T10:28:45.540Z] ShutdownReqHand - _handle - About to shutdown
[INFO  - 2019-02-28T10:29:15.353Z] GhostDriver - Main - running on port 32056
[INFO  - 2019-02-28T10:29:15.690Z] Session [b29afc60-3b43-11e9-8c8e-2d1f17256873] - page.settings - {"XSSAuditingEnabled":false,"javascriptCanCloseWindows":true,"javascriptCanOpenWindows":true,"javascriptEnabled":true,"loadImages":true,"localToRemoteUrlAccessEnabled":false,"userAgent":"Mozilla/5.0 (Windows NT 6.2; WOW64) AppleWebKit/538.1 (KHTML, like Gecko) PhantomJS/2.1.1 Safari/538.1","webSecurityEnabled":true}
[INFO  - 2019-02-28T10:29:15.690Z] Session [b29afc60-3b43-11e9-8c8e-2d1f17256873] - page.customHeaders:  - {}
[INFO  - 2019-02-28T10:29:15.690Z] Session [b29afc60-3b43-11e9-8c8e-2d1f17256873] - Session.negotiatedCapabilities - {"browserName":"phantomjs","version":"2.1.1","driverName":"ghostdriver","driverVersion":"1.2.0","platform":"windows-10-32bit","javascriptEnabled":true,"takesScreenshot":true,"handlesAlerts":false,"databaseEnabled":false,"locationContextEnabled":false,"applicationCacheEnabled":false,"browserConnectionEnabled":false,"cssSelectorsEnabled":true,"webStorageEnabled":false,"rotatable":false,"acceptSslCerts":false,"nativeEvents":true,"proxy":{"proxyType":"direct"}}
[INFO  - 2019-02-28T10:29:15.690Z] SessionManagerReqHand - _postNewSessionCommand - New Session Created: b29afc60-3b43-11e9-8c8e-2d1f17256873
[INFO  - 2019-02-28T10:30:12.198Z] ShutdownReqHand - _handle - About to shutdown
[INFO  - 2019-02-28T10:50:09.846Z] GhostDriver - Main - running on port 10705
[INFO  - 2019-02-28T10:50:10.133Z] Session [9e4fcc10-3b46-11e9-8b3d-6b34799109df] - page.settings - {"XSSAuditingEnabled":false,"javascriptCanCloseWindows":true,"javascriptCanOpenWindows":true,"javascriptEnabled":true,"loadImages":true,"localToRemoteUrlAccessEnabled":false,"userAgent":"Mozilla/5.0 (Windows NT 6.2; WOW64) AppleWebKit/538.1 (KHTML, like Gecko) PhantomJS/2.1.1 Safari/538.1","webSecurityEnabled":true}
[INFO  - 2019-02-28T10:50:10.133Z] Session [9e4fcc10-3b46-11e9-8b3d-6b34799109df] - page.customHeaders:  - {}
[INFO  - 2019-02-28T10:50:10.133Z] Session [9e4fcc10-3b46-11e9-8b3d-6b34799109df] - Session.negotiatedCapabilities - {"browserName":"phantomjs","version":"2.1.1","driverName":"ghostdriver","driverVersion":"1.2.0","platform":"windows-10-32bit","javascriptEnabled":true,"takesScreenshot":true,"handlesAlerts":false,"databaseEnabled":false,"locationContextEnabled":false,"applicationCacheEnabled":false,"browserConnectionEnabled":false,"cssSelectorsEnabled":true,"webStorageEnabled":false,"rotatable":false,"acceptSslCerts":false,"nativeEvents":true,"proxy":{"proxyType":"direct"}}
[INFO  - 2019-02-28T10:50:10.133Z] SessionManagerReqHand - _postNewSessionCommand - New Session Created: 9e4fcc10-3b46-11e9-8b3d-6b34799109df
[ERROR - 2019-02-28T10:50:12.772Z] WebElementLocator - _handleLocateCommand - Element(s) NOT Found: GAVE UP. Search Stop Time: 1551351012752
[INFO  - 2019-02-28T10:50:13.532Z] ShutdownReqHand - _handle - About to shutdown
[INFO  - 2019-02-28T10:55:41.263Z] GhostDriver - Main - running on port 33116
[INFO  - 2019-02-28T10:55:41.630Z] Session [63e660b0-3b47-11e9-ae50-179ed6aab4f8] - page.settings - {"XSSAuditingEnabled":false,"javascriptCanCloseWindows":true,"javascriptCanOpenWindows":true,"javascriptEnabled":true,"loadImages":true,"localToRemoteUrlAccessEnabled":false,"userAgent":"Mozilla/5.0 (Windows NT 6.2; WOW64) AppleWebKit/538.1 (KHTML, like Gecko) PhantomJS/2.1.1 Safari/538.1","webSecurityEnabled":true}
[INFO  - 2019-02-28T10:55:41.630Z] Session [63e660b0-3b47-11e9-ae50-179ed6aab4f8] - page.customHeaders:  - {}
[INFO  - 2019-02-28T10:55:41.630Z] Session [63e660b0-3b47-11e9-ae50-179ed6aab4f8] - Session.negotiatedCapabilities - {"browserName":"phantomjs","version":"2.1.1","driverName":"ghostdriver","driverVersion":"1.2.0","platform":"windows-10-32bit","javascriptEnabled":true,"takesScreenshot":true,"handlesAlerts":false,"databaseEnabled":false,"locationContextEnabled":false,"applicationCacheEnabled":false,"browserConnectionEnabled":false,"cssSelectorsEnabled":true,"webStorageEnabled":false,"rotatable":false,"acceptSslCerts":false,"nativeEvents":true,"proxy":{"proxyType":"direct"}}
[INFO  - 2019-02-28T10:55:41.631Z] SessionManagerReqHand - _postNewSessionCommand - New Session Created: 63e660b0-3b47-11e9-ae50-179ed6aab4f8
[INFO  - 2019-02-28T10:55:52.197Z] ShutdownReqHand - _handle - About to shutdown
[INFO  - 2019-02-28T10:58:09.187Z] GhostDriver - Main - running on port 2293
[INFO  - 2019-02-28T10:58:09.458Z] Session [bc02fce0-3b47-11e9-bcff-e32012255340] - page.settings - {"XSSAuditingEnabled":false,"javascriptCanCloseWindows":true,"javascriptCanOpenWindows":true,"javascriptEnabled":true,"loadImages":true,"localToRemoteUrlAccessEnabled":false,"userAgent":"Mozilla/5.0 (Windows NT 6.2; WOW64) AppleWebKit/538.1 (KHTML, like Gecko) PhantomJS/2.1.1 Safari/538.1","webSecurityEnabled":true}
[INFO  - 2019-02-28T10:58:09.458Z] Session [bc02fce0-3b47-11e9-bcff-e32012255340] - page.customHeaders:  - {}
[INFO  - 2019-02-28T10:58:09.458Z] Session [bc02fce0-3b47-11e9-bcff-e32012255340] - Session.negotiatedCapabilities - {"browserName":"phantomjs","version":"2.1.1","driverName":"ghostdriver","driverVersion":"1.2.0","platform":"windows-10-32bit","javascriptEnabled":true,"takesScreenshot":true,"handlesAlerts":false,"databaseEnabled":false,"locationContextEnabled":false,"applicationCacheEnabled":false,"browserConnectionEnabled":false,"cssSelectorsEnabled":true,"webStorageEnabled":false,"rotatable":false,"acceptSslCerts":false,"nativeEvents":true,"proxy":{"proxyType":"direct"}}
[INFO  - 2019-02-28T10:58:09.458Z] SessionManagerReqHand - _postNewSessionCommand - New Session Created: bc02fce0-3b47-11e9-bcff-e32012255340
[ERROR - 2019-02-28T10:58:11.779Z] WebElementLocator - _handleLocateCommand - Element(s) NOT Found: GAVE UP. Search Stop Time: 1551351491746
[INFO  - 2019-02-28T10:58:12.493Z] ShutdownReqHand - _handle - About to shutdown
[INFO  - 2019-02-28T10:58:23.657Z] GhostDriver - Main - running on port 44509
[INFO  - 2019-02-28T10:58:23.926Z] Session [c4a2a120-3b47-11e9-bf29-95bb8037824d] - page.settings - {"XSSAuditingEnabled":false,"javascriptCanCloseWindows":true,"javascriptCanOpenWindows":true,"javascriptEnabled":true,"loadImages":true,"localToRemoteUrlAccessEnabled":false,"userAgent":"Mozilla/5.0 (Windows NT 6.2; WOW64) AppleWebKit/538.1 (KHTML, like Gecko) PhantomJS/2.1.1 Safari/538.1","webSecurityEnabled":true}
[INFO  - 2019-02-28T10:58:23.926Z] Session [c4a2a120-3b47-11e9-bf29-95bb8037824d] - page.customHeaders:  - {}
[INFO  - 2019-02-28T10:58:23.927Z] Session [c4a2a120-3b47-11e9-bf29-95bb8037824d] - Session.negotiatedCapabilities - {"browserName":"phantomjs","version":"2.1.1","driverName":"ghostdriver","driverVersion":"1.2.0","platform":"windows-10-32bit","javascriptEnabled":true,"takesScreenshot":true,"handlesAlerts":false,"databaseEnabled":false,"locationContextEnabled":false,"applicationCacheEnabled":false,"browserConnectionEnabled":false,"cssSelectorsEnabled":true,"webStorageEnabled":false,"rotatable":false,"acceptSslCerts":false,"nativeEvents":true,"proxy":{"proxyType":"direct"}}
[INFO  - 2019-02-28T10:58:23.927Z] SessionManagerReqHand - _postNewSessionCommand - New Session Created: c4a2a120-3b47-11e9-bf29-95bb8037824d
[ERROR - 2019-02-28T10:58:26.186Z] WebElementLocator - _handleLocateCommand - Element(s) NOT Found: GAVE UP. Search Stop Time: 1551351506139
[INFO  - 2019-02-28T10:58:26.929Z] ShutdownReqHand - _handle - About to shutdown
[INFO  - 2019-02-28T10:58:37.107Z] GhostDriver - Main - running on port 11669
[INFO  - 2019-02-28T10:58:37.450Z] Session [ccb23a60-3b47-11e9-ad39-89b74df79e30] - page.settings - {"XSSAuditingEnabled":false,"javascriptCanCloseWindows":true,"javascriptCanOpenWindows":true,"javascriptEnabled":true,"loadImages":true,"localToRemoteUrlAccessEnabled":false,"userAgent":"Mozilla/5.0 (Windows NT 6.2; WOW64) AppleWebKit/538.1 (KHTML, like Gecko) PhantomJS/2.1.1 Safari/538.1","webSecurityEnabled":true}
[INFO  - 2019-02-28T10:58:37.450Z] Session [ccb23a60-3b47-11e9-ad39-89b74df79e30] - page.customHeaders:  - {}
[INFO  - 2019-02-28T10:58:37.450Z] Session [ccb23a60-3b47-11e9-ad39-89b74df79e30] - Session.negotiatedCapabilities - {"browserName":"phantomjs","version":"2.1.1","driverName":"ghostdriver","driverVersion":"1.2.0","platform":"windows-10-32bit","javascriptEnabled":true,"takesScreenshot":true,"handlesAlerts":false,"databaseEnabled":false,"locationContextEnabled":false,"applicationCacheEnabled":false,"browserConnectionEnabled":false,"cssSelectorsEnabled":true,"webStorageEnabled":false,"rotatable":false,"acceptSslCerts":false,"nativeEvents":true,"proxy":{"proxyType":"direct"}}
[INFO  - 2019-02-28T10:58:37.450Z] SessionManagerReqHand - _postNewSessionCommand - New Session Created: ccb23a60-3b47-11e9-ad39-89b74df79e30
[INFO  - 2019-02-28T10:58:58.775Z] ShutdownReqHand - _handle - About to shutdown
[INFO  - 2019-02-28T11:03:45.514Z] GhostDriver - Main - running on port 8802
[INFO  - 2019-02-28T11:03:45.828Z] Session [84812110-3b48-11e9-8b84-5b51e9dd4516] - page.settings - {"XSSAuditingEnabled":false,"javascriptCanCloseWindows":true,"javascriptCanOpenWindows":true,"javascriptEnabled":true,"loadImages":true,"localToRemoteUrlAccessEnabled":false,"userAgent":"Mozilla/5.0 (Windows NT 6.2; WOW64) AppleWebKit/538.1 (KHTML, like Gecko) PhantomJS/2.1.1 Safari/538.1","webSecurityEnabled":true}
[INFO  - 2019-02-28T11:03:45.829Z] Session [84812110-3b48-11e9-8b84-5b51e9dd4516] - page.customHeaders:  - {}
[INFO  - 2019-02-28T11:03:45.829Z] Session [84812110-3b48-11e9-8b84-5b51e9dd4516] - Session.negotiatedCapabilities - {"browserName":"phantomjs","version":"2.1.1","driverName":"ghostdriver","driverVersion":"1.2.0","platform":"windows-10-32bit","javascriptEnabled":true,"takesScreenshot":true,"handlesAlerts":false,"databaseEnabled":false,"locationContextEnabled":false,"applicationCacheEnabled":false,"browserConnectionEnabled":false,"cssSelectorsEnabled":true,"webStorageEnabled":false,"rotatable":false,"acceptSslCerts":false,"nativeEvents":true,"proxy":{"proxyType":"direct"}}
[INFO  - 2019-02-28T11:03:45.829Z] SessionManagerReqHand - _postNewSessionCommand - New Session Created: 84812110-3b48-11e9-8b84-5b51e9dd4516
[ERROR - 2019-02-28T11:03:48.173Z] WebElementLocator - _handleLocateCommand - Element(s) NOT Found: GAVE UP. Search Stop Time: 1551351828145
[INFO  - 2019-02-28T11:03:48.906Z] ShutdownReqHand - _handle - About to shutdown
[INFO  - 2019-02-28T11:04:15.120Z] GhostDriver - Main - running on port 39838
[INFO  - 2019-02-28T11:04:15.397Z] Session [96210020-3b48-11e9-9c17-7955d58f5663] - page.settings - {"XSSAuditingEnabled":false,"javascriptCanCloseWindows":true,"javascriptCanOpenWindows":true,"javascriptEnabled":true,"loadImages":true,"localToRemoteUrlAccessEnabled":false,"userAgent":"Mozilla/5.0 (Windows NT 6.2; WOW64) AppleWebKit/538.1 (KHTML, like Gecko) PhantomJS/2.1.1 Safari/538.1","webSecurityEnabled":true}
[INFO  - 2019-02-28T11:04:15.397Z] Session [96210020-3b48-11e9-9c17-7955d58f5663] - page.customHeaders:  - {}
[INFO  - 2019-02-28T11:04:15.397Z] Session [96210020-3b48-11e9-9c17-7955d58f5663] - Session.negotiatedCapabilities - {"browserName":"phantomjs","version":"2.1.1","driverName":"ghostdriver","driverVersion":"1.2.0","platform":"windows-10-32bit","javascriptEnabled":true,"takesScreenshot":true,"handlesAlerts":false,"databaseEnabled":false,"locationContextEnabled":false,"applicationCacheEnabled":false,"browserConnectionEnabled":false,"cssSelectorsEnabled":true,"webStorageEnabled":false,"rotatable":false,"acceptSslCerts":false,"nativeEvents":true,"proxy":{"proxyType":"direct"}}
[INFO  - 2019-02-28T11:04:15.397Z] SessionManagerReqHand - _postNewSessionCommand - New Session Created: 96210020-3b48-11e9-9c17-7955d58f5663
[ERROR - 2019-02-28T11:04:22.726Z] WebElementLocator - _handleLocateCommand - Element(s) NOT Found: GAVE UP. Search Stop Time: 1551351862658
[INFO  - 2019-02-28T11:04:23.501Z] ShutdownReqHand - _handle - About to shutdown
[INFO  - 2019-02-28T11:07:18.038Z] GhostDriver - Main - running on port 18759
[INFO  - 2019-02-28T11:07:18.370Z] Session [03304fe0-3b49-11e9-a42e-d57a9b2094b2] - page.settings - {"XSSAuditingEnabled":false,"javascriptCanCloseWindows":true,"javascriptCanOpenWindows":true,"javascriptEnabled":true,"loadImages":true,"localToRemoteUrlAccessEnabled":false,"userAgent":"Mozilla/5.0 (Windows NT 6.2; WOW64) AppleWebKit/538.1 (KHTML, like Gecko) PhantomJS/2.1.1 Safari/538.1","webSecurityEnabled":true}
[INFO  - 2019-02-28T11:07:18.370Z] Session [03304fe0-3b49-11e9-a42e-d57a9b2094b2] - page.customHeaders:  - {}
[INFO  - 2019-02-28T11:07:18.370Z] Session [03304fe0-3b49-11e9-a42e-d57a9b2094b2] - Session.negotiatedCapabilities - {"browserName":"phantomjs","version":"2.1.1","driverName":"ghostdriver","driverVersion":"1.2.0","platform":"windows-10-32bit","javascriptEnabled":true,"takesScreenshot":true,"handlesAlerts":false,"databaseEnabled":false,"locationContextEnabled":false,"applicationCacheEnabled":false,"browserConnectionEnabled":false,"cssSelectorsEnabled":true,"webStorageEnabled":false,"rotatable":false,"acceptSslCerts":false,"nativeEvents":true,"proxy":{"proxyType":"direct"}}
[INFO  - 2019-02-28T11:07:18.370Z] SessionManagerReqHand - _postNewSessionCommand - New Session Created: 03304fe0-3b49-11e9-a42e-d57a9b2094b2
[INFO  - 2019-02-28T11:07:19.047Z] ShutdownReqHand - _handle - About to shutdown
[INFO  - 2019-02-28T11:08:12.520Z] GhostDriver - Main - running on port 33617
[INFO  - 2019-02-28T11:08:12.813Z] Session [23a3a790-3b49-11e9-87fd-01abe5bbea62] - page.settings - {"XSSAuditingEnabled":false,"javascriptCanCloseWindows":true,"javascriptCanOpenWindows":true,"javascriptEnabled":true,"loadImages":true,"localToRemoteUrlAccessEnabled":false,"userAgent":"Mozilla/5.0 (Windows NT 6.2; WOW64) AppleWebKit/538.1 (KHTML, like Gecko) PhantomJS/2.1.1 Safari/538.1","webSecurityEnabled":true}
[INFO  - 2019-02-28T11:08:12.813Z] Session [23a3a790-3b49-11e9-87fd-01abe5bbea62] - page.customHeaders:  - {}
[INFO  - 2019-02-28T11:08:12.813Z] Session [23a3a790-3b49-11e9-87fd-01abe5bbea62] - Session.negotiatedCapabilities - {"browserName":"phantomjs","version":"2.1.1","driverName":"ghostdriver","driverVersion":"1.2.0","platform":"windows-10-32bit","javascriptEnabled":true,"takesScreenshot":true,"handlesAlerts":false,"databaseEnabled":false,"locationContextEnabled":false,"applicationCacheEnabled":false,"browserConnectionEnabled":false,"cssSelectorsEnabled":true,"webStorageEnabled":false,"rotatable":false,"acceptSslCerts":false,"nativeEvents":true,"proxy":{"proxyType":"direct"}}
[INFO  - 2019-02-28T11:08:12.813Z] SessionManagerReqHand - _postNewSessionCommand - New Session Created: 23a3a790-3b49-11e9-87fd-01abe5bbea62
[INFO  - 2019-02-28T11:08:14.764Z] ShutdownReqHand - _handle - About to shutdown
[INFO  - 2019-02-28T11:08:40.905Z] GhostDriver - Main - running on port 19038
[INFO  - 2019-02-28T11:08:41.187Z] Session [348d07e0-3b49-11e9-a67a-bd3a2862f948] - page.settings - {"XSSAuditingEnabled":false,"javascriptCanCloseWindows":true,"javascriptCanOpenWindows":true,"javascriptEnabled":true,"loadImages":true,"localToRemoteUrlAccessEnabled":false,"userAgent":"Mozilla/5.0 (Windows NT 6.2; WOW64) AppleWebKit/538.1 (KHTML, like Gecko) PhantomJS/2.1.1 Safari/538.1","webSecurityEnabled":true}
[INFO  - 2019-02-28T11:08:41.187Z] Session [348d07e0-3b49-11e9-a67a-bd3a2862f948] - page.customHeaders:  - {}
[INFO  - 2019-02-28T11:08:41.187Z] Session [348d07e0-3b49-11e9-a67a-bd3a2862f948] - Session.negotiatedCapabilities - {"browserName":"phantomjs","version":"2.1.1","driverName":"ghostdriver","driverVersion":"1.2.0","platform":"windows-10-32bit","javascriptEnabled":true,"takesScreenshot":true,"handlesAlerts":false,"databaseEnabled":false,"locationContextEnabled":false,"applicationCacheEnabled":false,"browserConnectionEnabled":false,"cssSelectorsEnabled":true,"webStorageEnabled":false,"rotatable":false,"acceptSslCerts":false,"nativeEvents":true,"proxy":{"proxyType":"direct"}}
[INFO  - 2019-02-28T11:08:41.187Z] SessionManagerReqHand - _postNewSessionCommand - New Session Created: 348d07e0-3b49-11e9-a67a-bd3a2862f948
[INFO  - 2019-02-28T11:08:42.822Z] ShutdownReqHand - _handle - About to shutdown
[INFO  - 2019-02-28T11:10:02.062Z] GhostDriver - Main - running on port 29217
[INFO  - 2019-02-28T11:10:02.376Z] Session [64f1a440-3b49-11e9-91fb-95b021fa638e] - page.settings - {"XSSAuditingEnabled":false,"javascriptCanCloseWindows":true,"javascriptCanOpenWindows":true,"javascriptEnabled":true,"loadImages":true,"localToRemoteUrlAccessEnabled":false,"userAgent":"Mozilla/5.0 (Windows NT 6.2; WOW64) AppleWebKit/538.1 (KHTML, like Gecko) PhantomJS/2.1.1 Safari/538.1","webSecurityEnabled":true}
[INFO  - 2019-02-28T11:10:02.376Z] Session [64f1a440-3b49-11e9-91fb-95b021fa638e] - page.customHeaders:  - {}
[INFO  - 2019-02-28T11:10:02.376Z] Session [64f1a440-3b49-11e9-91fb-95b021fa638e] - Session.negotiatedCapabilities - {"browserName":"phantomjs","version":"2.1.1","driverName":"ghostdriver","driverVersion":"1.2.0","platform":"windows-10-32bit","javascriptEnabled":true,"takesScreenshot":true,"handlesAlerts":false,"databaseEnabled":false,"locationContextEnabled":false,"applicationCacheEnabled":false,"browserConnectionEnabled":false,"cssSelectorsEnabled":true,"webStorageEnabled":false,"rotatable":false,"acceptSslCerts":false,"nativeEvents":true,"proxy":{"proxyType":"direct"}}
[INFO  - 2019-02-28T11:10:02.376Z] SessionManagerReqHand - _postNewSessionCommand - New Session Created: 64f1a440-3b49-11e9-91fb-95b021fa638e
[INFO  - 2019-02-28T11:10:14.343Z] ShutdownReqHand - _handle - About to shutdown
[INFO  - 2019-02-28T11:11:01.583Z] GhostDriver - Main - running on port 1761
[INFO  - 2019-02-28T11:11:01.855Z] Session [88656ab0-3b49-11e9-8877-3fa6f1e97bfe] - page.settings - {"XSSAuditingEnabled":false,"javascriptCanCloseWindows":true,"javascriptCanOpenWindows":true,"javascriptEnabled":true,"loadImages":true,"localToRemoteUrlAccessEnabled":false,"userAgent":"Mozilla/5.0 (Windows NT 6.2; WOW64) AppleWebKit/538.1 (KHTML, like Gecko) PhantomJS/2.1.1 Safari/538.1","webSecurityEnabled":true}
[INFO  - 2019-02-28T11:11:01.855Z] Session [88656ab0-3b49-11e9-8877-3fa6f1e97bfe] - page.customHeaders:  - {}
[INFO  - 2019-02-28T11:11:01.855Z] Session [88656ab0-3b49-11e9-8877-3fa6f1e97bfe] - Session.negotiatedCapabilities - {"browserName":"phantomjs","version":"2.1.1","driverName":"ghostdriver","driverVersion":"1.2.0","platform":"windows-10-32bit","javascriptEnabled":true,"takesScreenshot":true,"handlesAlerts":false,"databaseEnabled":false,"locationContextEnabled":false,"applicationCacheEnabled":false,"browserConnectionEnabled":false,"cssSelectorsEnabled":true,"webStorageEnabled":false,"rotatable":false,"acceptSslCerts":false,"nativeEvents":true,"proxy":{"proxyType":"direct"}}
[INFO  - 2019-02-28T11:11:01.855Z] SessionManagerReqHand - _postNewSessionCommand - New Session Created: 88656ab0-3b49-11e9-8877-3fa6f1e97bfe
[INFO  - 2019-02-28T11:11:13.760Z] ShutdownReqHand - _handle - About to shutdown
[INFO  - 2019-02-28T11:11:54.548Z] GhostDriver - Main - running on port 1947
[INFO  - 2019-02-28T11:11:54.821Z] Session [a7f78a20-3b49-11e9-a710-251c1b83eb24] - page.settings - {"XSSAuditingEnabled":false,"javascriptCanCloseWindows":true,"javascriptCanOpenWindows":true,"javascriptEnabled":true,"loadImages":true,"localToRemoteUrlAccessEnabled":false,"userAgent":"Mozilla/5.0 (Windows NT 6.2; WOW64) AppleWebKit/538.1 (KHTML, like Gecko) PhantomJS/2.1.1 Safari/538.1","webSecurityEnabled":true}
[INFO  - 2019-02-28T11:11:54.821Z] Session [a7f78a20-3b49-11e9-a710-251c1b83eb24] - page.customHeaders:  - {}
[INFO  - 2019-02-28T11:11:54.821Z] Session [a7f78a20-3b49-11e9-a710-251c1b83eb24] - Session.negotiatedCapabilities - {"browserName":"phantomjs","version":"2.1.1","driverName":"ghostdriver","driverVersion":"1.2.0","platform":"windows-10-32bit","javascriptEnabled":true,"takesScreenshot":true,"handlesAlerts":false,"databaseEnabled":false,"locationContextEnabled":false,"applicationCacheEnabled":false,"browserConnectionEnabled":false,"cssSelectorsEnabled":true,"webStorageEnabled":false,"rotatable":false,"acceptSslCerts":false,"nativeEvents":true,"proxy":{"proxyType":"direct"}}
[INFO  - 2019-02-28T11:11:54.821Z] SessionManagerReqHand - _postNewSessionCommand - New Session Created: a7f78a20-3b49-11e9-a710-251c1b83eb24
[INFO  - 2019-02-28T11:12:20.796Z] ShutdownReqHand - _handle - About to shutdown
[INFO  - 2019-02-28T11:13:08.720Z] GhostDriver - Main - running on port 22689
[INFO  - 2019-02-28T11:13:09.004Z] Session [d42ef790-3b49-11e9-bf79-bb63dd487551] - page.settings - {"XSSAuditingEnabled":false,"javascriptCanCloseWindows":true,"javascriptCanOpenWindows":true,"javascriptEnabled":true,"loadImages":true,"localToRemoteUrlAccessEnabled":false,"userAgent":"Mozilla/5.0 (Windows NT 6.2; WOW64) AppleWebKit/538.1 (KHTML, like Gecko) PhantomJS/2.1.1 Safari/538.1","webSecurityEnabled":true}
[INFO  - 2019-02-28T11:13:09.004Z] Session [d42ef790-3b49-11e9-bf79-bb63dd487551] - page.customHeaders:  - {}
[INFO  - 2019-02-28T11:13:09.004Z] Session [d42ef790-3b49-11e9-bf79-bb63dd487551] - Session.negotiatedCapabilities - {"browserName":"phantomjs","version":"2.1.1","driverName":"ghostdriver","driverVersion":"1.2.0","platform":"windows-10-32bit","javascriptEnabled":true,"takesScreenshot":true,"handlesAlerts":false,"databaseEnabled":false,"locationContextEnabled":false,"applicationCacheEnabled":false,"browserConnectionEnabled":false,"cssSelectorsEnabled":true,"webStorageEnabled":false,"rotatable":false,"acceptSslCerts":false,"nativeEvents":true,"proxy":{"proxyType":"direct"}}
[INFO  - 2019-02-28T11:13:09.004Z] SessionManagerReqHand - _postNewSessionCommand - New Session Created: d42ef790-3b49-11e9-bf79-bb63dd487551
[ERROR - 2019-02-28T11:13:16.064Z] WebElementLocator - _handleLocateCommand - Element(s) NOT Found: GAVE UP. Search Stop Time: 1551352396031
[INFO  - 2019-02-28T11:13:16.853Z] ShutdownReqHand - _handle - About to shutdown
[INFO  - 2019-02-28T11:13:32.864Z] GhostDriver - Main - running on port 46477
[INFO  - 2019-02-28T11:13:33.162Z] Session [e2950860-3b49-11e9-9fdb-c5972118f3d2] - page.settings - {"XSSAuditingEnabled":false,"javascriptCanCloseWindows":true,"javascriptCanOpenWindows":true,"javascriptEnabled":true,"loadImages":true,"localToRemoteUrlAccessEnabled":false,"userAgent":"Mozilla/5.0 (Windows NT 6.2; WOW64) AppleWebKit/538.1 (KHTML, like Gecko) PhantomJS/2.1.1 Safari/538.1","webSecurityEnabled":true}
[INFO  - 2019-02-28T11:13:33.162Z] Session [e2950860-3b49-11e9-9fdb-c5972118f3d2] - page.customHeaders:  - {}
[INFO  - 2019-02-28T11:13:33.162Z] Session [e2950860-3b49-11e9-9fdb-c5972118f3d2] - Session.negotiatedCapabilities - {"browserName":"phantomjs","version":"2.1.1","driverName":"ghostdriver","driverVersion":"1.2.0","platform":"windows-10-32bit","javascriptEnabled":true,"takesScreenshot":true,"handlesAlerts":false,"databaseEnabled":false,"locationContextEnabled":false,"applicationCacheEnabled":false,"browserConnectionEnabled":false,"cssSelectorsEnabled":true,"webStorageEnabled":false,"rotatable":false,"acceptSslCerts":false,"nativeEvents":true,"proxy":{"proxyType":"direct"}}
[INFO  - 2019-02-28T11:13:33.162Z] SessionManagerReqHand - _postNewSessionCommand - New Session Created: e2950860-3b49-11e9-9fdb-c5972118f3d2
[INFO  - 2019-02-28T11:14:36.403Z] ShutdownReqHand - _handle - About to shutdown
[INFO  - 2019-02-28T11:16:10.486Z] GhostDriver - Main - running on port 38616
[INFO  - 2019-02-28T11:16:10.782Z] Session [408816b0-3b4a-11e9-a558-97e16981c563] - page.settings - {"XSSAuditingEnabled":false,"javascriptCanCloseWindows":true,"javascriptCanOpenWindows":true,"javascriptEnabled":true,"loadImages":true,"localToRemoteUrlAccessEnabled":false,"userAgent":"Mozilla/5.0 (Windows NT 6.2; WOW64) AppleWebKit/538.1 (KHTML, like Gecko) PhantomJS/2.1.1 Safari/538.1","webSecurityEnabled":true}
[INFO  - 2019-02-28T11:16:10.782Z] Session [408816b0-3b4a-11e9-a558-97e16981c563] - page.customHeaders:  - {}
[INFO  - 2019-02-28T11:16:10.782Z] Session [408816b0-3b4a-11e9-a558-97e16981c563] - Session.negotiatedCapabilities - {"browserName":"phantomjs","version":"2.1.1","driverName":"ghostdriver","driverVersion":"1.2.0","platform":"windows-10-32bit","javascriptEnabled":true,"takesScreenshot":true,"handlesAlerts":false,"databaseEnabled":false,"locationContextEnabled":false,"applicationCacheEnabled":false,"browserConnectionEnabled":false,"cssSelectorsEnabled":true,"webStorageEnabled":false,"rotatable":false,"acceptSslCerts":false,"nativeEvents":true,"proxy":{"proxyType":"direct"}}
[INFO  - 2019-02-28T11:16:10.782Z] SessionManagerReqHand - _postNewSessionCommand - New Session Created: 408816b0-3b4a-11e9-a558-97e16981c563
[ERROR - 2019-02-28T11:17:43.559Z] WebElementLocator - _handleLocateCommand - Element(s) NOT Found: GAVE UP. Search Stop Time: 1551352663508
[INFO  - 2019-02-28T11:17:43.903Z] ShutdownReqHand - _handle - About to shutdown
[INFO  - 2019-02-28T11:21:16.611Z] GhostDriver - Main - running on port 6050
[INFO  - 2019-02-28T11:21:16.884Z] Session [f6fb6500-3b4a-11e9-afa4-eb6eb2a6d9b3] - page.settings - {"XSSAuditingEnabled":false,"javascriptCanCloseWindows":true,"javascriptCanOpenWindows":true,"javascriptEnabled":true,"loadImages":true,"localToRemoteUrlAccessEnabled":false,"userAgent":"Mozilla/5.0 (Windows NT 6.2; WOW64) AppleWebKit/538.1 (KHTML, like Gecko) PhantomJS/2.1.1 Safari/538.1","webSecurityEnabled":true}
[INFO  - 2019-02-28T11:21:16.884Z] Session [f6fb6500-3b4a-11e9-afa4-eb6eb2a6d9b3] - page.customHeaders:  - {}
[INFO  - 2019-02-28T11:21:16.884Z] Session [f6fb6500-3b4a-11e9-afa4-eb6eb2a6d9b3] - Session.negotiatedCapabilities - {"browserName":"phantomjs","version":"2.1.1","driverName":"ghostdriver","driverVersion":"1.2.0","platform":"windows-10-32bit","javascriptEnabled":true,"takesScreenshot":true,"handlesAlerts":false,"databaseEnabled":false,"locationContextEnabled":false,"applicationCacheEnabled":false,"browserConnectionEnabled":false,"cssSelectorsEnabled":true,"webStorageEnabled":false,"rotatable":false,"acceptSslCerts":false,"nativeEvents":true,"proxy":{"proxyType":"direct"}}
[INFO  - 2019-02-28T11:21:16.884Z] SessionManagerReqHand - _postNewSessionCommand - New Session Created: f6fb6500-3b4a-11e9-afa4-eb6eb2a6d9b3
[ERROR - 2019-02-28T11:21:24.291Z] WebElementLocator - _handleLocateCommand - Element(s) NOT Found: GAVE UP. Search Stop Time: 1551352884246
[INFO  - 2019-02-28T11:21:25.077Z] ShutdownReqHand - _handle - About to shutdown
[INFO  - 2019-02-28T11:21:37.385Z] GhostDriver - Main - running on port 9346
[INFO  - 2019-02-28T11:21:37.672Z] Session [035f6440-3b4b-11e9-a8fa-e798cddbce71] - page.settings - {"XSSAuditingEnabled":false,"javascriptCanCloseWindows":true,"javascriptCanOpenWindows":true,"javascriptEnabled":true,"loadImages":true,"localToRemoteUrlAccessEnabled":false,"userAgent":"Mozilla/5.0 (Windows NT 6.2; WOW64) AppleWebKit/538.1 (KHTML, like Gecko) PhantomJS/2.1.1 Safari/538.1","webSecurityEnabled":true}
[INFO  - 2019-02-28T11:21:37.672Z] Session [035f6440-3b4b-11e9-a8fa-e798cddbce71] - page.customHeaders:  - {}
[INFO  - 2019-02-28T11:21:37.672Z] Session [035f6440-3b4b-11e9-a8fa-e798cddbce71] - Session.negotiatedCapabilities - {"browserName":"phantomjs","version":"2.1.1","driverName":"ghostdriver","driverVersion":"1.2.0","platform":"windows-10-32bit","javascriptEnabled":true,"takesScreenshot":true,"handlesAlerts":false,"databaseEnabled":false,"locationContextEnabled":false,"applicationCacheEnabled":false,"browserConnectionEnabled":false,"cssSelectorsEnabled":true,"webStorageEnabled":false,"rotatable":false,"acceptSslCerts":false,"nativeEvents":true,"proxy":{"proxyType":"direct"}}
[INFO  - 2019-02-28T11:21:37.672Z] SessionManagerReqHand - _postNewSessionCommand - New Session Created: 035f6440-3b4b-11e9-a8fa-e798cddbce71
[ERROR - 2019-02-28T11:23:11.483Z] WebElementLocator - _handleLocateCommand - Element(s) NOT Found: GAVE UP. Search Stop Time: 1551352991436
[ERROR - 2019-02-28T11:23:12.314Z] WebElementLocator - _handleLocateCommand - Element(s) NOT Found: GAVE UP. Search Stop Time: 1551352992281
[ERROR - 2019-02-28T11:23:13.154Z] WebElementLocator - _handleLocateCommand - Element(s) NOT Found: GAVE UP. Search Stop Time: 1551352993105
[ERROR - 2019-02-28T11:23:14.878Z] RouterReqHand - _handle.error - {"name":"Invalid Command Method","message":"{\"headers\":{\"Accept-Encoding\":\"gzip\",\"Cache-Control\":\"no-cache\",\"Connection\":\"Keep-Alive\",\"Host\":\"localhost:9346\",\"User-Agent\":\"selenium/3.12.0 (java windows)\"},\"httpVersion\":\"1.1\",\"method\":\"GET\",\"url\":\"/alert_text\",\"urlParsed\":{\"anchor\":\"\",\"query\":\"\",\"file\":\"alert_text\",\"directory\":\"/\",\"path\":\"/alert_text\",\"relative\":\"/alert_text\",\"port\":\"\",\"host\":\"\",\"password\":\"\",\"user\":\"\",\"userInfo\":\"\",\"authority\":\"\",\"protocol\":\"\",\"source\":\"/alert_text\",\"queryKey\":{},\"chunks\":[\"alert_text\"]},\"urlOriginal\":\"/session/035f6440-3b4b-11e9-a8fa-e798cddbce71/alert_text\"}","line":202,"sourceURL":"phantomjs://code/session_request_handler.js","stack":"_handle@phantomjs://code/session_request_handler.js:202:66\n_reroute@phantomjs://code/request_handler.js:61:20\n_handle@phantomjs://code/router_request_handler.js:78:46"}
[ERROR - 2019-02-28T11:23:34.890Z] WebElementLocator - _handleLocateCommand - Element(s) NOT Found: GAVE UP. Search Stop Time: 1551353014839
[ERROR - 2019-02-28T11:23:35.877Z] WebElementLocator - _handleLocateCommand - Element(s) NOT Found: GAVE UP. Search Stop Time: 1551353015809
[INFO  - 2019-02-28T11:23:52.228Z] ShutdownReqHand - _handle - About to shutdown
